Starting model at Thu Apr 18 11:46:18 PDT 2019
--------------------------------------------------------------------------
The library attempted to open the following supporting CUDA libraries, 
but each of them failed.  CUDA-aware support is disabled.
libcuda.so.1: cannot open shared object file: No such file or directory
libcuda.so.1: cannot open shared object file: No such file or directory
If you are not interested in CUDA-aware support, then run with 
--mca mpi_cuda_support 0 to suppress this message.  If you are interested
in CUDA-aware support, then try setting LD_LIBRARY_PATH to the location
of libcuda.so.1 to get passed this issue.
--------------------------------------------------------------------------
numprocs=100
NEURON -- VERSION 7.6.5 master (f3dad62b) 2019-01-11
Duke, Yale, and the BlueBrain Project -- Copyright 1984-2018
See http://neuron.yale.edu/neuron/credits

Additional mechanisms from files
 cadyn.mod capool.mod ch_CavL.mod ch_CavN.mod ch_HCN.mod ch_HCNolm.mod ch_HCNp.mod ch_KCaS.mod ch_Kdrfast.mod ch_Kdrfastngf.mod ch_Kdrp.mod ch_Kdrslow.mod ch_KvAdistp.mod ch_KvA.mod ch_KvAngf.mod ch_KvAolm.mod ch_KvAproxp.mod ch_KvCaB.mod ch_KvGroup.mod ch_KvM.mod ch_leak.mod ch_Navaxonp.mod ch_Navbis.mod ch_Navcck.mod ch_Nav.mod ch_Navngf.mod ch_Navp.mod ExpGABAab.mod fastconn.mod halfgap.mod h.mod iconc_Ca.mod im.mod kaprox.mod kdrca1.mod kdrinter.mod kv.mod leakinter.mod leak.mod MyExp2Sid.mod MyExp2Sidnw.mod mynetstim.mod na12.mod na16.mod na3DA.mod na3.mod nainter.mod nap.mod nat.mod positionfcns.mod repeatconn.mod sahp.mod sgate.mod SIN.mod xtra.mod
16 nrniv: netstim is not a template
16  in class_axoaxoniccellmean.hoc near line 465
16  		stim[i] = new netstim()
                         ^
        16 xopen("class_axoa...")
      16 execute1("{xopen("cl...")
    16 load_file("./cells/cl...")
  16 loadCellTemplates()
17 nrniv: netstim is not a template
17  in class_axoaxoniccellmean.hoc near line 465
17  		stim[i] = new netstim()
                         ^
        17 xopen("class_axoa...")
      17 execute1("{xopen("cl...")
    17 load_file("./cells/cl...")
  17 loadCellTemplates()
19 nrniv: netstim is not a template
19  in class_axoaxoniccellmean.hoc near line 465
19  		stim[i] = new netstim()
                         ^
        19 xopen("class_axoa...")
      19 execute1("{xopen("cl...")
    19 load_file("./cells/cl...")
  19 loadCellTemplates()
14 nrniv: netstim is not a template
14  in class_axoaxoniccellmean.hoc near line 465
14  		stim[i] = new netstim()
                         ^
        14 xopen("class_axoa...")
      14 execute1("{xopen("cl..."18 nrniv: netstim is not a template
18  in class_axoaxoniccellmean.hoc near line 465
18  		stim[i] = new netstim()
                     )
    14 load_file("./cells/cl...")
  14 loadCellTemplates()
    ^
        18 xopen("class_axoa...")
      18 execute1("{xopen("cl...")
    18 load_file("./cells/cl...")
  18 loadCellTemplates()
13 nrniv: netstim is not a template
13  in class_axoaxoniccellmean.hoc near line 465
13  		stim[i] = new netstim()
          4 nrniv: netstim is not a template
4  in class_axoaxoniccellmean.hoc near line 465
4  		stim[i] = new netstim()
                      5 nrniv: netstim is not a template
5  in class_axoaxoniccellmean.hoc near line 465
5  		stim[i] = new netstim()
                    7 nrniv: netstim is not a template
7  in class_axoaxoniccellmean.hoc near line 465
7  		stim[i] = new netstim()
                         ^
12 nrniv: netstim is not a template
12  in class_axoaxoniccellmean.hoc near line 465
12  		stim[i] = new netstim()
                       15 nrniv: netstim is not a template
15  in class_axoaxoniccellmean.hoc near line 465
15  		stim[i] = new netstim()
                          7 xopen("class_axoa...")
      7 execute1("{xopen("cl...")
    7 load_file("./cells/cl...")
  7 loadCellTemplates()
               ^
        13 xopen("class_axoa...")
      13 execute1("{xopen("cl...")
    13 load_file("./cells/cl...")
  13 loadCellTemplates()
   ^
        4 xopen("class_axoa...")
      4 execute1("{xopen("cl...")
    4 load_file("./cells/cl...")
  4 loadCellTemplates()
6 nrniv: netstim is not a template
6  in class_axoaxoniccellmean.hoc near line 465
6  		stim[i] = new netstim()
                         ^
        6 xopen("class_axoa...")
      6 execute1("{xopen("cl...")
    6 load_file("./cells/cl...")
       ^
        5 xopen("class_axoa...")
      5 execute1("{xopen("cl...")
    5 load_file("./cells/cl...")
  5 loadCellTemplates()
6 loadCellTemplates()
       ^
        15 xopen("class_axoa...")
      15 execute1("{xopen("cl...")
    15 load_file("./cells/cl...")
  15 loadCellTemplates()
  ^
        12 xopen("class_axoa...")
      12 execute1("{xopen("cl...")
    12 load_file("./cells/cl...")
  12 loadCellTemplates()
9 nrniv: netstim is not a template
9  in class_axoaxoniccellmean.hoc near line 465
9  		stim[i] = new netstim()
              10 nrniv: netstim is not a template
10  in class_axoaxoniccellmean.hoc near line 465
10  		stim[i] = new netstim()
                         ^
        10 xopen("class_axoa...")
      10 execute1("{xopen("cl...")
    10 load_file("./cells/cl...")
  10 loadCellTemplates()
1 nrniv: netstim is not a template
1  in class_axoaxoniccellmean.hoc near line 465
1  		stim[i] = new netstim()
                         2 nrniv: netstim is not a template
2  in class_axoaxoniccellmean.hoc near line 465
2  		stim[i] = new netstim()
                         ^
        2 xopen("class_axoa...")
      2 execute1(           ^
        9 xopen("class_axoa...")
      9 execute1("{xopen("cl...")
    9 load_file("{xopen("cl...")
    2 load_file("./cells/cl...")
  2 loadCellTemplates()
11 nrniv: netstim is not a template
11  in class_axoaxoniccellmean.hoc near line 465
11  		stim[i] = new netstim()
           "./cells/cl...")
  9 loadCellTemplates()
^
        1 xopen("class_axoa...")
      1 execute1("{xopen("cl...")
    1 load_file("./cells/cl...")
  1 loadCellTemplates()
3 nrniv: netstim is not a template
3  in class_axoaxoniccellmean.hoc near line 465
3  		stim[i] = new netstim()
                         ^
        3 xopen("class_axoa...")
      3 execute1("{xopen("cl...")
    3 load_file(              ^
        11 xopen("class_axoa...")
      11 execute1("{xopen("cl...")
    11 load_file("./cells/cl...")
  11 loadCellTemplates()
"./cells/cl...")
  3 loadCellTemplates()
8 nrniv: netstim is not a template
8  in class_axoaxoniccellmean.hoc near line 465
8  		stim[i] = new netstim()
                         ^
        8 xopen("class_axoa...")
      8 execute1("{xopen("cl...")
    8 load_file("./cells/cl...")
17 nrniv: Segmentation violation
17  in class_axoaxoniccellmean.hoc near line 144
17  calcNetSize()
              ^
  8 loadCellTemplates()
19 nrniv: Segmentation violation
19  in class_axoaxoniccellmean.hoc near line 144
19  calcNetSize()
              ^
        19 calcNetSize()
16 nrniv: Segmentation violation
16  in class_axoaxoniccellmean.hoc near line 144
16  calcNetSize()
              ^
        16 calcNetSize()
        17 calcNetSize()
14 nrniv: Segmentation violation
14  in class_axoaxoniccellmean.hoc near line 144
14  calcNetSize()
              ^
        14 calcNetSize()
18 nrniv: Segmentation violation
18  in class_axoaxoniccellmean.hoc near line 144
18  calcNetSize()
              ^
        18 calcNetSize()
6 nrniv: Segmentation violation
6  in class_axoaxoniccellmean.hoc near line 144
6  calcNetSize()
              ^
        6 calcNetSize()
15 nrniv: Segmentation violation
15  in class_axoaxoniccellmean.hoc near line 144
15  calcNetSize()
              ^
        15 calcNetSize()
7 nrniv: Segmentation violation
7  in class_axoaxoniccellmean.hoc near line 144
7  calcNetSize()
              ^
        7 calcNetSize()
13 nrniv: Segmentation violation
13  in class_axoaxoniccellmean.hoc near line 144
13  calcNetSize()
              ^
        13 calcNetSize()
4 nrniv: Segmentation violation
4  in class_axoaxoniccellmean.hoc near line 144
4  calcNetSize()
              ^
        4 calcNetSize()
5 nrniv: Segmentation violation
12 nrniv: Segmentation violation
12  in class_axoaxoniccellmean.hoc near line 144
12  calcNetSize()
              ^
        12 calcNetSize()
10 nrniv: Segmentation violation
10  in class_axoaxoniccellmean.hoc near line 144
10  calcNetSize()
              ^
        10 calcNetSize()
9 nrniv: Segmentation violation
9  in class_axoaxoniccellmean.hoc near line 144
9  calcNetSize()
              ^
        9 calcNetSize()
2 nrniv: Segmentation violation
2  in class_axoaxoniccellmean.hoc near line 144
2  calcNetSize()
              ^
        2 calcNetSize()
3 nrniv: Segmentation violation
3  in class_axoaxoniccellmean.hoc near line 144
3  calcNetSize()
              ^
        3 calcNetSize()
--------------------------------------------------------------------------
MPI_ABORT was invoked on rank 18 in communicator MPI_COMM_WORLD 
with errorcode -1.

NOTE: invoking MPI_ABORT causes Open MPI to kill all MPI processes.
You may or may not see output from other processes, depending on
exactly when Open MPI kills them.
--------------------------------------------------------------------------
1 nrniv: Segmentation violation
1  in class_axoaxoniccellmean.hoc near line 144
1  calcNetSize()
              ^
        1 calcNetSize()
5  in class_axoaxoniccellmean.hoc near line 144
5  calcNetSize()
              ^
        5 calcNetSize()
11 nrniv: Segmentation violation
11  in class_axoaxoniccellmean.hoc near line 144
11  calcNetSize()
              ^
        11 calcNetSize()
8 nrniv: Segmentation violation
8  in class_axoaxoniccellmean.hoc near line 144
8  calcNetSize()
              ^
        8 calcNetSize()
0 nrniv: netstim is not a template
0  in class_axoaxoniccellmean.hoc near line 465
0  		stim[i] = new netstim()
                         ^
        0 xopen("class_axoa...")
      0 execute1("{xopen("cl...")
    0 load_file("./cells/cl...")
  0 loadCellTemplates()
52 nrniv: netstim is not a template
52  in class_axoaxoniccellmean.hoc near line 465
52  		stim[i] = new netstim()
                         ^
        52 xopen("class_axoa...")
    0 nrniv: Segmentation violation
0  in class_axoaxoniccellmean.hoc near line 144
0  calcNetSize()
              ^
        0 calcNetSize()
53 nrniv: netstim is not a template
53  in class_axoaxoniccellmean.hoc near line 465
53  		stim[i] = new netstim()
                         ^
        53 xopen("class_axoa...")
      53 execute1("{xopen("cl...")
    53 load_file("./cells/cl...")
  53 loadCellTemplates()
54 nrniv: netstim is not a template
54  in class_axoaxoniccellmean.hoc near line 465
54  		stim[i] = new netstim()
                         ^
        54 xopen("class_axoa...")
      54 execute1("{xopen("cl...")
    54 load_file("./cells/cl...")
  54 loadCellTemplates()
55 nrniv: netstim is not a template
55  in class_axoaxoniccellmean.hoc near line 465
55  		stim[i] = new netstim()
                         ^
        55 xopen("class_axoa...")
      55 execute1("{xopen("cl...")
    55 load_file("./cells/cl...")
  55 loadCellTemplates()
56 nrniv: netstim is not a template
56  in class_axoaxoniccellmean.hoc near line 465
56  		stim[i] = new netstim()
                         ^
        56 xopen("class_axoa...")
      56 execute1("{xopen("cl...")
    56 load_file("./cells/cl...")
  56 loadCellTemplates()
57 nrniv: netstim is not a template
57  in class_axoaxoniccellmean.hoc near line 465
57  		stim[i] = new netstim()
                         ^
        57 xopen("class_axoa...")
      57 execute1("{xopen("cl...")
    57 load_file("./cells/cl...")
  57 loadCellTemplates()
58 nrniv: netstim is not a template
58  in class_axoaxoniccellmean.hoc near line 465
58  		stim[i] = new netstim()
                         ^
        58 xopen("class_axoa...")
      58 execute1("{xopen("cl...")
    58 load_file("./cells/cl...")
  58 loadCellTemplates()
59 nrniv: netstim is not a template
59  in class_axoaxoniccellmean.hoc near line 465
59  		stim[i] = new netstim()
                         ^
        59 xopen("class_axoa...")
      59 execute1("{xopen("cl...")
    59 load_file("./cells/cl...")
  59 loadCellTemplates()
44 nrniv: netstim is not a template
44  in class_axoaxoniccellmean.hoc near line 465
44  		stim[i] = new netstim()
                         ^
        44 xopen("class_axoa...")
      44 execute1("{xopen("cl...")
    44 load_file("./cells/cl...")
  44 loadCellTemplates()
45 nrniv: netstim is not a template
45  in class_axoaxoniccellmean.hoc near line 465
45  		stim[i] = new netstim()
                         ^
        45 xopen("class_axoa...")
      45 execute1("{xopen("cl...")
    45 load_file("./cells/cl...")
  45 loadCellTemplates()
47 nrniv: netstim is not a template
47  in class_axoaxoniccellmean.hoc near line 465
47  		stim[i] = new netstim()
                         ^
        47 xopen("class_axoa...")
      47 execute1("{xopen("cl...")
    47 load_file("./cells/cl...")
  47 loadCellTemplates()
50 nrniv: netstim is not a template
50  in class_axoaxoniccellmean.hoc near line 465
50  		stim[i] = new netstim()
                         ^
        50 xopen("class_axoa...")
      50 execute1("{xopen("cl...")
    50 load_file("./cells/cl...")
  50 loadCellTemplates()
41 nrniv: netstim is not a template
41  in class_axoaxoniccellmean.hoc near line 465
41  		stim[i] = new netstim()
                         ^
        41 xopen("class_axoa...")
      41 execute1("{xopen("cl...")
    41 load_file("./cells/cl...")
  41 loadCellTemplates()
42 nrniv: netstim is not a template
42  in class_axoaxoniccellmean.hoc near line 465
42  		stim[i] = new netstim()
                         ^
        42 xopen("class_axoa...")
      42 execute1("{xopen("cl...")
    42 load_file("./cells/cl...")
  42 loadCellTemplates(43 nrniv: netstim is not a template
43  in class_axoaxoniccellmean.hoc near line 465
43  		stim[i] = new netstim()
                         ^
        43 xopen("class_axoa...")
      43 execute1("{xopen("cl...")
    43 load_file("./cells/cl...")
  43 loadCellTemplates()
46 nrniv: netstim is not a template
46  in class_axoaxoniccellmean.hoc near line 465
46  		stim[i] = new netstim()
                         ^
        46 xopen("class_axoa...")
      46 execute1("{xopen("cl...")
    46 load_file("./cells/cl...")
  46 loadCellTemplates()
48 nrniv: netstim is not a template
48  in class_axoaxoniccellmean.hoc near line 465
48  		stim[i] = new netstim()
                         ^
        48 xopen("class_axoa...")
      48 execute1("{xopen("cl...")
    48 load_file("./cells/cl...")
  48 loadCellTemplates()
49 nrniv: netstim is not a template
49  in class_axoaxoniccellmean.hoc near line 465
49  		stim[i] = new netstim()
                         ^
        49 xopen("class_axoa...")
      49 execute1("{xopen("cl...")
    49 load_file("./cells/cl...")
  49 loadCellTemplates()
  52 execute1("{xopen("cl...")
    52 load_file("./cells/cl...")
  52 loadCellTemplates()
)
51 nrniv: netstim is not a template
51  in class_axoaxoniccellmean.hoc near line 465
51  		stim[i] = new netstim()
                         ^
        51 xopen("class_axoa...")
      51 execute1("{xopen("cl...")
    51 load_file("./cells/cl...")
  51 loadCellTemplates()
44 nrniv: Segmentation violation
44  in class_axoaxoniccellmean.hoc near line 144
44  calcNetSize()
         45 nrniv: Segmentation violation
45  in class_axoaxoniccellmean.hoc near line 144
45  calcNetSize()
            53 nrniv: Segmentation violation
53  in class_axoaxoniccellmean.hoc near line 144
53  calcNetSize()
              ^
        53 calcNetSize()
54 nrniv: Segmentation violation
54  in class_axoaxoniccellmean.hoc near line 144
54  calcNetSize()
            55 nrniv: Segmentation violation
55  in class_axoaxoniccellmean.hoc near line 144
55  calcNetSize()
              ^
        55 calcNetSize()
56 nrniv: Segmentation violation
56  in class_axoaxoniccellmean.hoc near line 144
56  calcNetSize()
              ^
        56 calcNetSize()
57 nrniv: Segmentation violation
57  in class_axoaxoniccellmean.hoc near line 144
57  calcNetSize()
              ^
        57 calcNetSize()
58 nrniv: Segmentation violation
58  in class_axoaxoniccellmean.hoc near line 144
58  calcNetSize()
              ^
        58 calcNetSize()
59 nrniv: Segmentation violation
59  in class_axoaxoniccellmean.hoc near line 144
59  calcNetSize()
              ^
        59 calcNetSize()
49 nrniv: Segmentation violation
49  in class_axoaxoniccellmean.hoc near line 144
49  calcNetSize()
              ^
        49 calcNetSize()
  ^
        45 calcNetSize()
  ^
        54 calcNetSize()
50 nrniv: Segmentation violation
50  in class_axoaxoniccellmean.hoc near line 144
50  calcNetSize()
              ^
        50 calcNetSize()
41 nrniv: Segmentation violation
41  in class_axoaxoniccellmean.hoc near line 144
41  calcNetSize()
              ^
        41 calcNetSize()
52 nrniv: Segmentation violation
52  in class_axoaxoniccellmean.hoc near line 144
52  calcNetSize()
              ^
        52 calcNetSize()
43 nrniv: Segmentation violation
43  in class_axoaxoniccellmean.hoc near line 144
43  calcNetSize()
              ^
        43 calcNetSize()
     ^
        44 calcNetSize()
46 nrniv: Segmentation violation
46  in class_axoaxoniccellmean.hoc near line 144
46  calcNetSize()
              ^
        46 calcNetSize()
48 nrniv: Segmentation violation
48  in class_axoaxoniccellmean.hoc near line 144
48  calcNetSize()
              ^
        48 calcNetSize()
47 nrniv: Segmentation violation
47  in class_axoaxoniccellmean.hoc near line 144
47  calcNetSize()
              ^
        47 calcNetSize()
51 nrniv: Segmentation violation
51  in class_axoaxoniccellmean.hoc near line 144
51  calcNetSize()
              ^
        51 calcNetSize()
42 nrniv: Segmentation violation
42  in class_axoaxoniccellmean.hoc near line 144
42  calcNetSize()
              ^
        42 calcNetSize()
40 nrniv: netstim is not a template
40  in class_axoaxoniccellmean.hoc near line 465
40  		stim[i] = new netstim()
                         ^
        40 xopen("class_axoa...")
      40 execute1("{xopen("cl...")
    40 load_file("./cells/cl...")
  40 loadCellTemplates()
40 nrniv: Segmentation violation
40  in class_axoaxoniccellmean.hoc near line 144
40  calcNetSize()
              ^
        40 calcNetSize()
84 nrniv: netstim is not a template
84  in class_axoaxoniccellmean.hoc near line 465
84  		stim[i] = new netstim()
                         ^
        84 xopen("class_axoa...")
    38 nrniv: netstim is not a template
38  in class_axoaxoniccellmean.hoc near line 465
38  		stim[i] = new netstim()
                         ^
        38 xopen("class_axoa...")
      38 execute1(85 nrniv: netstim is not a template
39 nrniv: netstim is not a template
39  in class_axoaxoniccellmean.hoc near line 465
39  		stim[i] = new netstim()
                         ^
        39 xopen("class_axoa...")
      39 execute1("{xopen("cl...")
    39 load_file("./cells/cl...")
  39 loadCellTemplates()
86 nrniv: netstim is not a template
86  in class_axoaxoniccellmean.hoc near line 465
86  		stim[i] = new netstim()
                         ^
        86 xopen("class_axoa...")
      86 execute1("{xopen("cl...")
    86 load_file("./cells/cl...")
  86 loadCellTemplates()
23 nrniv: netstim is not a template
23  in class_axoaxoniccellmean.hoc near line 465
23  		stim[i] = new netstim()
                         ^
        23 xopen("class_axoa...")
      23 execute1("{xopen("cl...")
    23 load_file("./cells/cl...")
  23 loadCellTemplates()
87 nrniv: netstim is not a template
87  in class_axoaxoniccellmean.hoc near line 465
87  		stim[i] = new netstim()
                         ^
        87 xopen("class_axoa...")
      87 execute1("{xopen("cl...")
    87 load_file("./cells/cl...")
  87 loadCellTemplates()
24 nrniv: netstim is not a template
24  in class_axoaxoniccellmean.hoc near line 465
24  		stim[i] = new netstim()
                         ^
        24 xopen("class_axoa...")
      24 execute1("{xopen("cl...")
    24 load_file("./cells/cl...")
  24 loadCellTemplates()
90 nrniv: netstim is not a template
90  in class_axoaxoniccellmean.hoc near line 465
90  		stim[i] = new netstim()
                         ^
        90 xopen("class_axoa...")
      90 execute1("{xopen("cl...")
    90 load_file("./cells/cl...")
  90 loadCellTemplates()
26 nrniv: netstim is not a template
26  in class_axoaxoniccellmean.hoc near line 465
26  		stim[i] = new netstim()
                         ^
        26 xopen("class_axoa...")
      26 execute1("{xopen("cl...")
    26 load_file("./cells/cl...")
  26 loadCellTemplates()
92 nrniv: netstim is not a template
92  in class_axoaxoniccellmean.hoc near line 465
92  		stim[i] = new netstim()
                         ^
        92 xopen("class_axoa...")
      92 execute1("{xopen("cl...")
    92 load_file("./cells/cl...")
  92 loadCellTemplates()
29 nrniv: netstim is not a template
29  in class_axoaxoniccellmean.hoc near line 465
29  		stim[i] = new netstim()
                         ^
        29 xopen("class_axoa...")
      29 execute1("{xopen("cl...")
    29 load_file("./cells/cl...")
  29 loadCellTemplates()
93 nrniv: netstim is not a template
93  in class_axoaxoniccellmean.hoc near line 465
93  		stim[i] = new netstim()
                         ^
        93 xopen("class_axoa...")
      93 execute1("{xopen("cl...")
    93 load_file("./cells/cl...")
  93 loadCellTemplates()
30 nrniv: netstim is not a template
30  in class_axoaxoniccellmean.hoc near line 465
30  		stim[i] = new netstim()
                         ^
        30 xopen("class_axoa...")
      30 execute1("{xopen("cl...")
    30 load_file("./cells/cl...")
  30 loadCellTemplates()
94 nrniv: netstim is not a template
94  in class_axoaxoniccellmean.hoc near line 465
94  		stim[i] = new netstim()
                         ^
        94 xopen("class_axoa...")
      94 execute1("{xopen("cl...")
    94 load_file("./cells/cl...")
  94 loadCellTemplates()
31 nrniv: netstim is not a template
31  in class_axoaxoniccellmean.hoc near line 465
31  		stim[i] = new netstim()
                         ^
        31 xopen("class_axoa...")
      31 execute1("{xopen("cl...")
    31 load_file("./cells/cl...")
  31 loadCellTemplates()
96 nrniv: netstim is not a template
96  in class_axoaxoniccellmean.hoc near line 465
96  		stim[i] = new netstim()
                         ^
        96 xopen("class_axoa...")
      96 execute1("{xopen("cl...")
    96 load_file("./cells/cl...")
  96 loadCellTemplates()
32 nrniv: netstim is not a template
32  in class_axoaxoniccellmean.hoc near line 465
32  		stim[i] = new netstim()
                         ^
        32 xopen("class_axoa...")
      32 execute1("{xopen("cl...")
    32 load_file("./cells/cl...")
  32 loadCellTemplates()
97 nrniv: netstim is not a template
97  in class_axoaxoniccellmean.hoc near line 465
97  		stim[i] = new netstim()
                         ^
        97 xopen("class_axoa...")
      97 execute1("{xopen("cl...")
    97 load_file("./cells/cl...")
  97 loadCellTemplates()
33 nrniv: netstim is not a template
33  in class_axoaxoniccellmean.hoc near line 465
33  		stim[i] = new netstim()
                         ^
        33 xopen("class_axoa...")
      33 execute1("{xopen("cl...")
    33 load_file("./cells/cl...")
  33 loadCellTemplates()
98 nrniv: netstim is not a template
98  in class_axoaxoniccellmean.hoc near line 465
98  		stim[i] = new netstim()
                         ^
        98 xopen("class_axoa...")
      98 execute1("{xopen("cl...")
    98 load_file("./cells/cl...")
  98 loadCellTemplates()
34 nrniv: netstim is not a template
34  in class_axoaxoniccellmean.hoc near line 465
34  		stim[i] = new netstim()
                         ^
        34 xopen("class_axoa...")
      34 execute1("{xopen("cl...")
    34 load_file("./cells/cl...")
  34 loadCellTemplates()
99 nrniv: netstim is not a template
99  in class_axoaxoniccellmean.hoc near line 465
99  		stim[i] = new netstim()
                         ^
        99 xopen("class_axoa...")
      99 execute1("{xopen("cl...")
    99 load_file("./cells/cl...")
  99 loadCellTemplates()
35 nrniv: netstim is not a template
35  in class_axoaxoniccellmean.hoc near line 465
35  		stim[i] = new netstim()
                         ^
        35 xopen("class_axoa...")
      35 execute1("{xopen("cl...")
    35 load_file("./cells/cl...")
  35 loadCellTemplates()
95 nrniv: netstim is not a template
95  in class_axoaxoniccellmean.hoc near line 465
95  		stim[i] = new netstim()
  36 nrniv: netstim is not a template
36  in class_axoaxoniccellmean.hoc near line 465
36  		stim[i] = new netstim()
                         ^
        36 xopen("class_axoa...")
      36 execute1("{xopen("cl...")
    36 load_file("./cells/cl...")
  36 loadCellTemplates()
  84 execute1("{xopen("cl...")
    84 load_file("./cells/cl...")
  84 loadCellTemplates()
84 nrniv: Segmentation violation
84  in class_axoaxoniccellmean.hoc near line 144
84  calcNetSize()
              ^
        84 calcNetSize()
37 nrniv: netstim is not a template
37  in class_axoaxoniccellmean.hoc near line 465
37  		stim[i] = new netstim()
                         ^
        37 xopen("class_axoa...")
      37 execute1("{xopen("cl...")
    37 load_file("./cells/cl...")
  37 loadCellTemplates()
81 nrniv: netstim is not a template
81  in class_axoaxoniccellmean.hoc near line 465
81  		stim[i] = new netstim()
                         ^
        81 xopen("class_axoa...")
      81 execute1("{xopen("cl...")
    81 load_file("./cells/cl...")
  81 loadCellTemplates()
81 nrniv: Segmentation violation
81  in class_axoaxoniccellmean.hoc near line 144
81  calcNetSize()
              ^
        81 calcNetSize()
"{xopen("cl...")
    38 load_file("./cells/cl...")
  38 loadCellTemplates()
82 nrniv: netstim is not a template
82  in class_axoaxoniccellmean.hoc near line 465
82  		stim[i] = new netstim()
                         ^
        82 xopen("class_axoa...")
      82 execute1("{xopen("cl...")
    82 load_file("./cells/cl...")
  82 loadCellTemplates()
20 nrniv: netstim is not a template
20  in class_axoaxoniccellmean.hoc near line 465
20  		stim[i] = new netstim()
                         ^
        20 xopen("class_axoa...")
      20 execute1("{xopen("cl...")
    20 load_file("./cells/cl...")
  20 loadCellTemplates()
83 nrniv: netstim is not a template
83  in class_axoaxoniccellmean.hoc near line 465
83  		stim[i] = new netstim()
                         ^
        83 xopen("class_axoa...")
      83 execute1("{xopen("cl...")
    83 load_file("./cells/cl...")
  83 loadCellTemplates()
21 nrniv: netstim is not a template
21  in class_axoaxoniccellmean.hoc near line 465
21  		stim[i] = new netstim()
                         ^
        21 xopen("class_axoa...")
      21 execute1("{xopen("cl...")
    21 load_file("./cells/cl...")
  21 loadCellTemplates()
22 nrniv: netstim is not a template
22  in class_axoaxoniccellmean.hoc near line 465
22  		stim[i] = new netstim()
                         ^
        22 xopen("class_axoa...")
      22 execute1("{xopen("cl...")
    22 load_file("./cells/cl...")
  22 loadCellTemplates()
                       ^
        95 xopen("class_axoa...")
      95 execute1("{xopen("cl...")
    95 load_file("./cells/cl...")
  95 loadCellTemplates()
95 nrniv: Segmentation violation
95  in class_axoaxoniccellmean.hoc near line 144
95  calcNetSize()
              ^
        95 calcNetSize()
86 nrniv: Segmentation violation
86  in class_axoaxoniccellmean.hoc near line 144
86  calcNetSize()
              ^
        86 calcNetSize()
27 nrniv: netstim is not a template
27  in class_axoaxoniccellmean.hoc near line 465
27  		stim[i] = new netstim()
                         ^
        27 xopen("class_axoa...")
      27 execute1("{xopen("cl...")
    27 load_file("./cells/cl...")
  27 loadCellTemplates()
28 nrniv: netstim is not a template
28  in class_axoaxoniccellmean.hoc near line 465
28  		stim[i] = new netstim()
                         ^
        28 xopen("class_axoa...")
      28 execute1("{xopen("cl...")
    28 load_file("./cells/cl...")
  28 loadCellTemplates()
89 nrniv: netstim is not a template
89  in class_axoaxoniccellmean.hoc near line 465
89  		stim[i] = new netstim()
                         ^
        89 xopen("class_axoa...")
      89 execute1("{xopen("cl...")
    89 load_file("./cells/cl...")
  89 loadCellTemplates()
39 nrniv: Segmentation violation
39  in class_axoaxoniccellmean.hoc near line 144
39  calcNetSize()
              ^
87 nrniv: Segmentation violation
87  in class_axoaxoniccellmean.hoc near line 144
87  calcNetSize()
              ^
        87 calcNetSize()
23 nrniv: Segmentation violation
23  in class_axoaxoniccellmean.hoc near line 144
23  calcNetSize()
              ^
  90 nrniv: Segmentation violation
90  in class_axoaxoniccellmean.hoc near line 144
90  calcNetSize()
              ^
        90 calcNetSize()
92 nrniv: Segmentation violation
92  in class_axoaxoniccellmean.hoc near line 144
92  calcNetSize()
              ^
        92 calcNetSize()
24 nrniv: Segmentation violation
24  in class_axoaxoniccellmean.hoc near line 144
24  calcNetSize()
              ^
        24 calcNetSize(26 nrniv: Segmentation violation
26  in class_axoaxoniccellmean.hoc near line 144
26  calcNetSize()
              ^
        26 calcNetSize()
93 nrniv: Segmentation violation
93  in class_axoaxoniccellmean.hoc near line 144
93  calcNetSize()
              ^
        93 calcNetSize()
30 nrniv: Segmentation violation
30  in class_axoaxoniccellmean.hoc near line 144
30  calcNetSize()
              ^
      99 nrniv: Segmentation violation
99  in class_axoaxoniccellmean.hoc near line 144
99  calcNetSize()
              ^
        99 calcNetSize()
94 nrniv: Segmentation violation
94  in class_axoaxoniccellmean.hoc near line 144
94  calcNetSize()
              ^
        94 calcNetSize()
34 nrniv: Segmentation violation
34  in class_axoaxoniccellmean.hoc near line 144
34  calcNetSize()
              ^
    36 nrniv: Segmentation violation
36  in class_axoaxoniccellmean.hoc near line 144
36  calcNetSize()
              ^
        36 calcNetSize()
96 nrniv: Segmentation violation
96  in class_axoaxoniccellmean.hoc near line 144
96  calcNetSize()
              ^
        96 calcNetSize()
38 nrniv: Segmentation violation
38  in class_axoaxoniccellmean.hoc near line 144
38  calcNetSize()
              ^
        38 calcNetSize()
97 nrniv: Segmentation violation
97  in class_axoaxoniccellmean.hoc near line 144
97  calcNetSize()
              ^
        97 calcNetSize()
98 nrniv: Segmentation violation
98  in class_axoaxoniccellmean.hoc near line 144
98  calcNetSize()
              ^
        98 calcNetSize()
20 nrniv: Segmentation violation
20  in class_axoaxoniccellmean.hoc near line 144
20  calcNetSize()
              ^
        20 calcNetSize()
21 nrniv: Segmentation violation
21  in class_axoaxoniccellmean.hoc near line 144
21  calcNetSize()
              ^
        21 calcNetSize()
28 nrniv: Segmentation violation
28  in class_axoaxoniccellmean.hoc near line 144
28  calcNetSize()
              ^
        28 calcNetSize()
        39 calcNetSize()
      23 calcNetSize()
22 nrniv: Segmentation violation
22  in class_axoaxoniccellmean.hoc near line 144
22  calcNetSize()
              ^
        22 calcNetSize()
27 nrniv: Segmentation violation
27  in class_axoaxoniccellmean.hoc near line 144
27  calcNetSize()
              ^
        27 calcNetSize()
)
29 nrniv: Segmentation violation
29  in class_axoaxoniccellmean.hoc near line 144
29  calcNetSize()
              ^
        29 calcNetSize()
31 nrniv: Segmentation violation
31  in class_axoaxoniccellmean.hoc near line 144
31  calcNetSize()
              ^
        31 calcNetSize()
32 nrniv: Segmentation violation
32  in class_axoaxoniccellmean.hoc near line 144
32  calcNetSize()
              ^
        32 calcNetSize()
33 nrniv: Segmentation violation
33  in class_axoaxoniccellmean.hoc near line 144
33  calcNetSize()
              ^
        33 calcNetSize()
  30 calcNetSize()
35 nrniv: Segmentation violation
35  in class_axoaxoniccellmean.hoc near line 144
35  calcNetSize()
              ^
        35 calcNetSize()
83 nrniv: Segmentation violation
83  in class_axoaxoniccellmean.hoc near line 144
83  calcNetSize()
              ^
        83 calcNetSize()
    34 calcNetSize()
91 nrniv: netstim is not a template
91  in class_axoaxoniccellmean.hoc near line 465
91  		stim[i] = new netstim()
                         ^
        91 xopen("class_axoa...")
      91 execute1("{xopen("cl...")
    91 load_file("./cells/cl...")
  91 loadCellTemplates()
37 nrniv: Segmentation violation
37  in class_axoaxoniccellmean.hoc near line 144
37  calcNetSize()
              ^
        37 calcNetSize()
82 nrniv: Segmentation violation
82  in class_axoaxoniccellmean.hoc near line 144
82  calcNetSize()
              ^
        82 calcNetSize()
88 nrniv: netstim is not a template
88  in class_axoaxoniccellmean.hoc near line 465
88  		stim[i] = new netstim()
                         ^
        88 xopen("class_axoa...")
      88 execute1("{xopen("cl...")
    88 load_file("./cells/cl...")
  88 loadCellTemplates()
89 nrniv: Segmentation violation
89  in class_axoaxoniccellmean.hoc near line 144
89  calcNetSize()
              ^
        89 calcNetSize()
91 nrniv: Segmentation violation
91  in class_axoaxoniccellmean.hoc near line 144
91  calcNetSize()
              ^
        91 calcNetSize()
88 nrniv: Segmentation violation
88  in class_axoaxoniccellmean.hoc near line 144
88  calcNetSize()
              ^
        88 calcNetSize()
85  in class_axoaxoniccellmean.hoc near line 465
85  		stim[i] = new netstim()
     25 nrniv: netstim is not a template
  25  in class_axoaxoniccellmean.hoc near line 465
 25  		stim[i] = new netstim()
                 80 nrniv: netstim is not a template
80  in class_axoaxoniccellmean.hoc near line 465
80  		stim[i] = new netstim()
                         ^
        80 xopen("class_axoa...")
      80 execute1("{xopen("cl...")
    80 load_file( "./cells/cl...")
  80 loadCellTemplates()
            80 nrniv: Segmentation violation
80  in class_axoaxoniccellmean.hoc near line 144
80  calcNetSize()
              ^
        80 calcNetSize()
        ^
        85 xopen("class_axoa...")
      85 execute1("{xopen("cl...")
    85 load_file("./cells/cl...")
  85 loadCellTemplates()
85 nrniv: Segmentation violation
 85  in class_axoaxoniccellmean.hoc near line 144
  85  calcNetSize()
   ^
            25 xopen(  "class_axoa...")
          25 execute1(  "{xopen("cl..."^
)
          25 load_file(  "./cells/cl...")
  25 loadCellTemplates()
25 nrniv: Segmentation violation
25  in class_axoaxoniccellmean.hoc near line 144
25  calcNetSize()
              ^
        25 calcNetSize()
85 calcNetSize()
[comet-18-43.sdsc.edu:32484] 99 more processes have sent help message help-mpi-common-cuda.txt / dlopen failed
[comet-18-43.sdsc.edu:32484] Set MCA parameter "orte_base_help_aggregate" to 0 to see all help / error messages
[comet-18-43.sdsc.edu:32484] 79 more processes have sent help message help-mpi-api.txt / mpi-abort
